<?xml version="1.0" encoding="UTF-8"?>
<!-- Generated by org.testng.reporters.JUnitXMLReporter -->
<testsuite hostname="HousingMan" ignored="0" name="FlipKart Change Password" tests="3" failures="0" timestamp="24 Aug 2017 20:15:39 GMT" time="0.286" errors="0">
  <testcase name="changePasswo" time="0.002" classname="com.flipkartHybrid.LoginTest.changePassword">
    <skipped/>
  </testcase> <!-- changePasswo -->
  <testcase name="changePasswo" time="0.009" classname="com.flipkartHybrid.LoginTest.changePassword">
    <skipped/>
  </testcase> <!-- changePasswo -->
  <testcase name="changePasswo" time="0.002" classname="com.flipkartHybrid.LoginTest.changePassword">
    <skipped/>
  </testcase> <!-- changePasswo -->
</testsuite> <!-- FlipKart Change Password -->
